<?xml version="1.0" encoding="UTF-8"?>
<!-- Generated by org.testng.reporters.JUnitXMLReporter -->
<testsuite ignored="0" hostname="AI-CJB-LAP-429" failures="0" tests="3" name="Default test" time="0.032" errors="0" timestamp="2024-10-04T12:52:54 IST">
  <testcase classname="onesample.DependenciesManagement" name="tenth" time="0.006"/>
  <testcase classname="onesample.DependenciesManagement" name="higherSecondary" time="0.001"/>
  <testcase classname="onesample.DependenciesManagement" name="college" time="0.001"/>
</testsuite> <!-- Default test -->
