<?xml version="1.0" encoding="UTF-8"?>
<testng-results ignored="0" total="1" passed="1" failed="0" skipped="0">
  <reporter-output>
  </reporter-output>
  <suite started-at="2024-10-07T16:52:54 IST" name="Test Result" finished-at="2024-10-07T16:52:54 IST" duration-ms="37">
    <groups>
    </groups>
    <test started-at="2024-10-07T16:52:54 IST" name="dummy" finished-at="2024-10-07T16:52:54 IST" duration-ms="37">
      <class name="onesample.ParameterizationExample">
        <test-method signature="printName(java.lang.String)[pri:0, instance:onesample.ParameterizationExample@52719fb6]" started-at="2024-10-07T16:52:54 IST" name="printName" finished-at="2024-10-07T16:52:54 IST" duration-ms="5" status="PASS">
          <params>
            <param index="0">
              <value>
                <![CDATA[Jotheesh]]>
              </value>
            </param>
          </params>
          <reporter-output>
          </reporter-output>
        </test-method> <!-- printName -->
      </class> <!-- onesample.ParameterizationExample -->
    </test> <!-- dummy -->
  </suite> <!-- Test Result -->
</testng-results>
